c:\users\lenovo\desktop\game\tıled\buıld\tıledgame.dır\relwıthdebınfo\vc142.pdb
c:\users\lenovo\desktop\game\tıled\buıld\tıledgame.dır\relwıthdebınfo\glad.obj
c:\users\lenovo\desktop\game\tıled\buıld\tıledgame.dır\relwıthdebınfo\shader_compıler.obj
c:\users\lenovo\desktop\game\tıled\buıld\tıledgame.dır\relwıthdebınfo\shader.obj
c:\users\lenovo\desktop\game\tıled\buıld\tıledgame.dır\relwıthdebınfo\renderables.obj
c:\users\lenovo\desktop\game\tıled\buıld\tıledgame.dır\relwıthdebınfo\render_texture2d.obj
c:\users\lenovo\desktop\game\tıled\buıld\tıledgame.dır\relwıthdebınfo\maın.obj
c:\users\lenovo\desktop\game\tıled\buıld\tıledgame.dır\relwıthdebınfo\ınput.obj
c:\users\lenovo\desktop\game\tıled\buıld\tıledgame.dır\relwıthdebınfo\font.obj
c:\users\lenovo\desktop\game\tıled\buıld\tıledgame.dır\relwıthdebınfo\defaults.obj
c:\users\lenovo\desktop\game\tıled\buıld\tıledgame.dır\relwıthdebınfo\batch_renderer.obj
c:\users\lenovo\desktop\game\tıled\buıld\tıledgame.dır\relwıthdebınfo\wındow.obj
c:\users\lenovo\desktop\game\tıled\buıld\tıledgame.dır\relwıthdebınfo\textedıtor.obj
c:\users\lenovo\desktop\game\tıled\buıld\tıledgame.dır\relwıthdebınfo\ımnodes.obj
c:\users\lenovo\desktop\game\tıled\buıld\tıledgame.dır\relwıthdebınfo\ımguı_wıdgets.obj
c:\users\lenovo\desktop\game\tıled\buıld\tıledgame.dır\relwıthdebınfo\ımguı_tables.obj
c:\users\lenovo\desktop\game\tıled\buıld\tıledgame.dır\relwıthdebınfo\ımguı_ımpl_opengl3.obj
c:\users\lenovo\desktop\game\tıled\buıld\tıledgame.dır\relwıthdebınfo\ımguı_ımpl_glfw.obj
c:\users\lenovo\desktop\game\tıled\buıld\tıledgame.dır\relwıthdebınfo\ımguı_draw.obj
c:\users\lenovo\desktop\game\tıled\buıld\tıledgame.dır\relwıthdebınfo\ımguı_demo.obj
c:\users\lenovo\desktop\game\tıled\buıld\tıledgame.dır\relwıthdebınfo\ımguı.obj
c:\users\lenovo\desktop\game\tıled\buıld\tıledgame.dır\relwıthdebınfo\ımguızmo.obj
c:\users\lenovo\desktop\game\tıled\buıld\tıledgame.dır\relwıthdebınfo\texture2d.obj
c:\users\lenovo\desktop\game\tıled\buıld\cmakefıles\generate.stamp
c:\users\lenovo\desktop\game\tıled\buıld\tıledgame.dır\relwıthdebınfo\tıledgame.ılk
c:\users\lenovo\desktop\game\tıled\buıld\relwıthdebınfo\tıledgame.exe
c:\users\lenovo\desktop\game\tıled\buıld\relwıthdebınfo\tıledgame.pdb
c:\users\lenovo\desktop\game\tiled\build\tiledgame.dir\relwithdebınfo\batch_renderer.obj
c:\users\lenovo\desktop\game\tiled\build\tiledgame.dir\relwithdebınfo\defaults.obj
c:\users\lenovo\desktop\game\tiled\build\tiledgame.dir\relwithdebınfo\font.obj
c:\users\lenovo\desktop\game\tiled\build\tiledgame.dir\relwithdebınfo\glad.obj
c:\users\lenovo\desktop\game\tiled\build\tiledgame.dir\relwithdebınfo\imgui.obj
c:\users\lenovo\desktop\game\tiled\build\tiledgame.dir\relwithdebınfo\ımguizmo.obj
c:\users\lenovo\desktop\game\tiled\build\tiledgame.dir\relwithdebınfo\imgui_demo.obj
c:\users\lenovo\desktop\game\tiled\build\tiledgame.dir\relwithdebınfo\imgui_draw.obj
c:\users\lenovo\desktop\game\tiled\build\tiledgame.dir\relwithdebınfo\imgui_impl_glfw.obj
c:\users\lenovo\desktop\game\tiled\build\tiledgame.dir\relwithdebınfo\imgui_impl_opengl3.obj
c:\users\lenovo\desktop\game\tiled\build\tiledgame.dir\relwithdebınfo\imgui_tables.obj
c:\users\lenovo\desktop\game\tiled\build\tiledgame.dir\relwithdebınfo\imgui_widgets.obj
c:\users\lenovo\desktop\game\tiled\build\tiledgame.dir\relwithdebınfo\imnodes.obj
c:\users\lenovo\desktop\game\tiled\build\tiledgame.dir\relwithdebınfo\input.obj
c:\users\lenovo\desktop\game\tiled\build\tiledgame.dir\relwithdebınfo\main.obj
c:\users\lenovo\desktop\game\tiled\build\tiledgame.dir\relwithdebınfo\renderables.obj
c:\users\lenovo\desktop\game\tiled\build\tiledgame.dir\relwithdebınfo\render_texture2d.obj
c:\users\lenovo\desktop\game\tiled\build\tiledgame.dir\relwithdebınfo\shader.obj
c:\users\lenovo\desktop\game\tiled\build\tiledgame.dir\relwithdebınfo\shader_compiler.obj
c:\users\lenovo\desktop\game\tiled\build\tiledgame.dir\relwithdebınfo\texteditor.obj
c:\users\lenovo\desktop\game\tiled\build\tiledgame.dir\relwithdebınfo\texture2d.obj
c:\users\lenovo\desktop\game\tiled\build\tiledgame.dir\relwithdebınfo\window.obj
c:\users\lenovo\desktop\game\tiled\build\tiledgame.dir\relwithdebınfo\tiledgame.ilk
c:\users\lenovo\desktop\game\tiled\build\tiledgame.dir\relwithdebınfo\vc142.pdb
c:\users\lenovo\desktop\game\tiled\build\relwithdebınfo\tiledgame.pdb
c:\users\lenovo\desktop\game\tiled\build\relwithdebınfo\tiledgame.exe
c:\users\lenovo\desktop\game\tiled\build\tiledgame.dir\relwithdebınfo\tiledgame.tlog\cl.command.1.tlog
c:\users\lenovo\desktop\game\tiled\build\tiledgame.dir\relwithdebınfo\tiledgame.tlog\cl.read.1.tlog
c:\users\lenovo\desktop\game\tiled\build\tiledgame.dir\relwithdebınfo\tiledgame.tlog\cl.write.1.tlog
c:\users\lenovo\desktop\game\tiled\build\tiledgame.dir\relwithdebınfo\tiledgame.tlog\custombuild.command.1.tlog
c:\users\lenovo\desktop\game\tiled\build\tiledgame.dir\relwithdebınfo\tiledgame.tlog\custombuild.read.1.tlog
c:\users\lenovo\desktop\game\tiled\build\tiledgame.dir\relwithdebınfo\tiledgame.tlog\custombuild.write.1.tlog
c:\users\lenovo\desktop\game\tiled\build\tiledgame.dir\relwithdebınfo\tiledgame.tlog\link.command.1.tlog
c:\users\lenovo\desktop\game\tiled\build\tiledgame.dir\relwithdebınfo\tiledgame.tlog\link.read.1.tlog
c:\users\lenovo\desktop\game\tiled\build\tiledgame.dir\relwithdebınfo\tiledgame.tlog\link.write.1.tlog
